Copyright 1986-2020 Xilinx, Inc. All Rights Reserved.
-------------------------------------------------------------------------------------
| Tool Version : Vivado v.2020.1 (win64) Build 2902540 Wed May 27 19:54:49 MDT 2020
| Date         : Mon Dec  8 19:10:42 2025
| Host         : BOOK-LUCP9UJFMJ running 64-bit major release  (build 9200)
| Command      : report_control_sets -verbose -file sys_base_control_sets_placed.rpt
| Design       : sys_base
| Device       : xc7s75
-------------------------------------------------------------------------------------

Control Set Information

Table of Contents
-----------------
1. Summary
2. Histogram
3. Flip-Flop Distribution
4. Detailed Control Set Information

1. Summary
----------

+----------------------------------------------------------+-------+
|                          Status                          | Count |
+----------------------------------------------------------+-------+
| Total control sets                                       |    26 |
|    Minimum number of control sets                        |    26 |
|    Addition due to synthesis replication                 |     0 |
|    Addition due to physical synthesis replication        |     0 |
| Unused register locations in slices containing registers |   105 |
+----------------------------------------------------------+-------+
* Control sets can be merged at opt_design using control_set_merge or merge_equivalent_drivers
** Run report_qor_suggestions for automated merging and remapping suggestions


2. Histogram
------------

+--------------------+-------+
|       Fanout       | Count |
+--------------------+-------+
| Total control sets |    26 |
| >= 0 to < 4        |     4 |
| >= 4 to < 6        |     1 |
| >= 6 to < 8        |     2 |
| >= 8 to < 10       |     5 |
| >= 10 to < 12      |     3 |
| >= 12 to < 14      |     0 |
| >= 14 to < 16      |     0 |
| >= 16              |    11 |
+--------------------+-------+
* Control sets can be remapped at either synth_design or opt_design


3. Flip-Flop Distribution
-------------------------

+--------------+-----------------------+------------------------+-----------------+--------------+
| Clock Enable | Synchronous Set/Reset | Asynchronous Set/Reset | Total Registers | Total Slices |
+--------------+-----------------------+------------------------+-----------------+--------------+
| No           | No                    | No                     |               0 |            0 |
| No           | No                    | Yes                    |             110 |           36 |
| No           | Yes                   | No                     |               0 |            0 |
| Yes          | No                    | No                     |              18 |            5 |
| Yes          | No                    | Yes                    |             455 |          127 |
| Yes          | Yes                   | No                     |               0 |            0 |
+--------------+-----------------------+------------------------+-----------------+--------------+


4. Detailed Control Set Information
-----------------------------------

+----------------+----------------------------------------+------------------+------------------+----------------+--------------+
|  Clock Signal  |              Enable Signal             | Set/Reset Signal | Slice Load Count | Bel Load Count | Bels / Slice |
+----------------+----------------------------------------+------------------+------------------+----------------+--------------+
|  clk_IBUF_BUFG | u_lcd_ctrl/o_lcd_e_i_1_n_0             | rst_IBUF         |                1 |              1 |         1.00 |
|  clk_IBUF_BUFG | u_btn_ctrl/btn_stable[2]_i_1_n_0       | rst_IBUF         |                1 |              1 |         1.00 |
|  clk_IBUF_BUFG | u_btn_ctrl/btn_stable[0]_i_1_n_0       | rst_IBUF         |                1 |              1 |         1.00 |
|  clk_IBUF_BUFG | u_btn_ctrl/btn_stable[3]_i_1_n_0       | rst_IBUF         |                1 |              1 |         1.00 |
|  clk_IBUF_BUFG | u_lcd_ctrl/char_idx[4]_i_1_n_0         | rst_IBUF         |                2 |              5 |         2.50 |
|  clk_IBUF_BUFG | u_note_gen/r_game_start_reg[0]         | rst_IBUF         |                2 |              7 |         3.50 |
|  clk_IBUF_BUFG | u_note_gen/r_game_start_reg_0[0]       | rst_IBUF         |                3 |              7 |         2.33 |
|  clk_IBUF_BUFG | u_note_gen/o_note_t2_reg_0[0]          | rst_IBUF         |                3 |              9 |         3.00 |
|  clk_IBUF_BUFG | u_lcd_ctrl/btn_prev_reg[2]             | rst_IBUF         |                2 |              9 |         4.50 |
|  clk_IBUF_BUFG | u_lcd_ctrl/pitch_buf_t1[0][16]_i_1_n_0 | rst_IBUF         |                2 |              9 |         4.50 |
|  clk_IBUF_BUFG | u_lcd_ctrl/pitch_buf_t1[1][16]_i_1_n_0 | rst_IBUF         |                2 |              9 |         4.50 |
|  clk_IBUF_BUFG | u_lcd_ctrl/o_lcd_rs_i_1_n_0            | rst_IBUF         |                3 |              9 |         3.00 |
|  clk_IBUF_BUFG | u_clk_div/o_tick_reg_0                 | rst_IBUF         |                3 |             10 |         3.33 |
|  clk_IBUF_BUFG | u_lcd_ctrl/line2[0][6]_i_1_n_0         | rst_IBUF         |                2 |             11 |         5.50 |
|  clk_IBUF_BUFG | u_lcd_ctrl/line2[1][6]_i_1_n_0         | rst_IBUF         |                2 |             11 |         5.50 |
|  clk_IBUF_BUFG | u_score_ctrl//i__n_0                   | rst_IBUF         |                3 |             16 |         5.33 |
|  clk_IBUF_BUFG | u_note_gen/note_idx                    | rst_IBUF         |                4 |             18 |         4.50 |
|  clk_IBUF_BUFG | u_lcd_ctrl/delay_cnt[31]_i_1_n_0       | rst_IBUF         |               12 |             32 |         2.67 |
|  clk_IBUF_BUFG | u_judge_ctrl/sound_timer[31]_i_1_n_0   | rst_IBUF         |               13 |             32 |         2.46 |
|  clk_IBUF_BUFG | u_clk_div/w_gated_tick                 | rst_IBUF         |                8 |             32 |         4.00 |
|  clk_IBUF_BUFG | u_clk_div/E[0]                         | rst_IBUF         |                8 |             32 |         4.00 |
|  clk_IBUF_BUFG | u_lcd_ctrl/line2[15][6]_i_1_n_0        |                  |                5 |             36 |         7.20 |
|  clk_IBUF_BUFG | u_clk_div/o_tick                       | rst_IBUF         |               13 |             47 |         3.62 |
|  clk_IBUF_BUFG | u_lcd_ctrl/line2[15][6]_i_1_n_0        | rst_IBUF         |               15 |             59 |         3.93 |
|  clk_IBUF_BUFG | u_note_gen/E[0]                        | rst_IBUF         |               21 |             87 |         4.14 |
|  clk_IBUF_BUFG |                                        | rst_IBUF         |               36 |            110 |         3.06 |
+----------------+----------------------------------------+------------------+------------------+----------------+--------------+


